-------------------------------------------------------------------------------
Test set: com.hrms.runners.SmokeRunner
-------------------------------------------------------------------------------
Tests run: 7, Failures: 1, Errors: 1, Skipped: 0, Time elapsed: 157.644 s <<< FAILURE! - in com.hrms.runners.SmokeRunner
Add new Employee.Add Employee without employee id  Time elapsed: 12.382 s  <<< FAILURE!
org.junit.ComparisonFailure: 
expected:<[James Smith]> but was:<[-- Select --
Albanian
Algerian
American
Andorran
Angolan
Antiguans
Argentinean
Armenian
Australian
Austrian
Azerbaijani
Bahamian
Bahraini
Bangladeshi
Barbadian
Barbudans
Batswana
Belarusian
Belgian
Belizean
Beninese
Bhutanese
Bolivian
Bosnian
Brazilian
British
Bruneian
Bulgarian
Burkinabe
Burmese
Burundian
Cambodian
Cameroonian
Canadian
Cape Verdean
Central African
Chadian
Chilean
Chinese
Colombian
Comoran
Congolese
Costa Rican
Croatian
Cuban
Cypriot
Czech
Danish
Djibouti
Dominican
Dutch
East Timorese
Ecuadorean
Egyptian
Emirian
Equatorial Guinean
Eritrean
Estonian
Ethiopian
Fijian
Filipino
Finnish
French
Gabonese
Gambian
Georgian
German
Ghanaian
Greek
Grenadian
Guatemalan
Guinea-Bissauan
Guinean
Guyanese
Haitian
Herzegovinian
Honduran
Hungarian
I-Kiribati
Icelander
Indian
Indonesian
Iranian
Iraqi
Irish
Israeli
Italian
Ivorian
Jamaican
Japanese
Jordanian
Kazakhstani
Kenyan
Kittian and Nevisian
Kuwaiti
Kyrgyz
Laotian
Latvian
Lebanese
Liberian
Libyan
Liechtensteiner
Lithuanian
Luxembourger
Macedonian
Malagasy
Malawian
Malaysian
Maldivan
Malian
Maltese
Marshallese
Mauritanian
Mauritian
Mexican
Micronesian
Moldovan
Monacan
Mongolian
Moroccan
Mosotho
Motswana
Mozambican
Namibian
Nauruan
Nepalese
New Zealander
Nicaraguan
Nigerian
Nigerien
North Korean
Northern Irish
Norwegian
Omani
Pakistani
Palauan
Panamanian
Papua New Guinean
papua yeni
Paraguayan
Peruvian
Polish
Portuguese
Qatari
Romanian
Russian
Rwandan
Saint Lucian
Salvadoran
Samoan
San Marinese
Sao Tomean
Saudi
Scottish
Senegalese
Serbian
Seychellois
Sierra Leonean
Singaporean
Slovakian
Slovenian
Solomon Islander
Somali
South African
South Korean
Spanish
Sri Lankan
Sudanese
Surinamer
Swazi
Swedish
Swiss
Syrian
Taiwanese
Tajik
Tanzanian
Thai
Togolese
Tongan
Trinidadian or Tobagonian
Tunisian
Turkish
Tuvaluan
Ugandan
Ukrainian
Uruguayan
Uzbekistani
Venezuelan
Vietnamese
Welsh
Yemenite
Zambian
Zimbabwean]>

Add new Employee.AddEmployee and create Login Credentials  Time elapsed: 21.868 s  <<< ERROR!
org.openqa.selenium.NoSuchElementException: 
no such element: Unable to locate element: {"method":"css selector","selector":"#personal_cmbNation"}
  (Session info: chrome=83.0.4103.97)
For documentation on this error, please visit: https://www.seleniumhq.org/exceptions/no_such_element.html
Build info: version: '3.141.59', revision: 'e82be7d358', time: '2018-11-14T08:17:03'
System info: host: 'Dzhamsheds-MacBook-Pro.local', ip: '2605:e000:a8c3:7700:0:0:0:6%en0', os.name: 'Mac OS X', os.arch: 'x86_64', os.version: '10.15.5', java.version: '1.8.0_231'
Driver info: org.openqa.selenium.chrome.ChromeDriver
Capabilities {acceptInsecureCerts: false, browserName: chrome, browserVersion: 83.0.4103.97, chrome: {chromedriverVersion: 83.0.4103.39 (ccbf011cb2d2b..., userDataDir: /var/folders/fk/4kt1l4x124g...}, goog:chromeOptions: {debuggerAddress: localhost:52870}, javascriptEnabled: true, networkConnectionEnabled: false, pageLoadStrategy: normal, platform: MAC, platformName: MAC, proxy: Proxy(), setWindowRect: true, strictFileInteractability: false, timeouts: {implicit: 0, pageLoad: 300000, script: 30000}, unhandledPromptBehavior: dismiss and notify, webauthn:virtualAuthenticators: true}
Session ID: 7427a4e6349042f818a730001c307c5e
*** Element info: {Using=id, value=personal_cmbNation}

